<?xml version="1.0" encoding="UTF-8"?>
<!-- Generated by org.testng.reporters.JUnitXMLReporter -->
<testsuite ignored="1" hostname="DESKTOP-EVK9GMC" failures="0" tests="5" name="Default test" time="0.182" errors="0" timestamp="2021-01-05T09:34:46 IST">
  <testcase classname="testng.Test1" name="calls" time="0.023"/>
  <testcase classname="testng.Test1" name="calls" time="0.003"/>
  <testcase classname="testng.Test1" name="calls" time="0.038"/>
  <testcase classname="testng.Test1" name="calls" time="0.003"/>
  <testcase classname="testng.Test1" name="chats" time="0.01"/>
  <testcase classname="testng.Test1" name="block" time="0.0">
    <ignored/>
  </testcase> <!-- block -->
</testsuite> <!-- Default test -->
