<?xml version="1.0" encoding="UTF-8"?>
<!-- Generated by org.testng.reporters.JUnitXMLReporter -->
<testsuite ignored="0" hostname="DESKTOP-EVK9GMC" failures="0" tests="3" name="Test2" time="28.613" errors="0" timestamp="2021-01-06T09:32:16 IST">
  <testcase classname="testng.ParallelExecution" name="login" time="14.452"/>
  <testcase classname="testng.ParallelExecution" name="login" time="14.474"/>
  <testcase classname="testng.ParallelExecution" name="login" time="25.974"/>
</testsuite> <!-- Test2 -->
