<?xml version="1.0" encoding="UTF-8"?>
<testng-results ignored="0" total="1" passed="1" failed="0" skipped="0">
  <reporter-output>
    <line>
      <![CDATA[Forgotten Password | Can't Log In | Facebook]]>
    </line>
    <line>
      <![CDATA[Forgotten Password | Can't Log In | Facebook]]>
    </line>
    <line>
      <![CDATA[https://www.facebook.com/login/identify/?ctx=recover&ars=facebook_login]]>
    </line>
    <line>
      <![CDATA[https://www.facebook.com/login/identify/?ctx=recover&ars=facebook_login]]>
    </line>
    <line>
      <![CDATA[Forgotten Password | Can't Log In | Facebook]]>
    </line>
    <line>
      <![CDATA[https://www.facebook.com/login/identify/?ctx=recover&ars=facebook_login]]>
    </line>
  </reporter-output>
  <suite started-at="2021-01-06T09:31:47 IST" name="Suite" finished-at="2021-01-06T09:32:16 IST" duration-ms="28613">
    <groups>
    </groups>
    <test started-at="2021-01-06T09:31:47 IST" name="Test2" finished-at="2021-01-06T09:32:16 IST" duration-ms="28613">
      <class name="testng.ParallelExecution">
        <test-method is-config="true" signature="openapp()[pri:0, instance:testng.ParallelExecution@5939a379]" started-at="2021-01-06T09:31:47 IST" name="openapp" finished-at="2021-01-06T09:31:47 IST" duration-ms="9" status="PASS">
          <reporter-output>
          </reporter-output>
        </test-method> <!-- openapp -->
        <test-method signature="login(java.lang.String)[pri:0, instance:testng.ParallelExecution@5939a379]" started-at="2021-01-06T09:31:47 IST" name="login" finished-at="2021-01-06T09:32:13 IST" duration-ms="25974" status="PASS">
          <params>
            <param index="0">
              <value>
                <![CDATA[firefox]]>
              </value>
            </param>
          </params>
          <reporter-output>
            <line>
              <![CDATA[Forgotten Password | Can't Log In | Facebook]]>
            </line>
            <line>
              <![CDATA[https://www.facebook.com/login/identify/?ctx=recover&ars=facebook_login]]>
            </line>
          </reporter-output>
        </test-method> <!-- login -->
        <test-method is-config="true" signature="closeapp()[pri:0, instance:testng.ParallelExecution@5939a379]" started-at="2021-01-06T09:32:13 IST" name="closeapp" finished-at="2021-01-06T09:32:16 IST" duration-ms="2557" status="PASS">
          <reporter-output>
          </reporter-output>
        </test-method> <!-- closeapp -->
      </class> <!-- testng.ParallelExecution -->
    </test> <!-- Test2 -->
  </suite> <!-- Suite -->
</testng-results>
