<?xml version="1.0" encoding="UTF-8"?>
<testng-results ignored="0" total="3" passed="3" failed="0" skipped="0">
  <reporter-output>
  </reporter-output>
  <suite started-at="2021-01-07T09:40:52 IST" name="Default suite" finished-at="2021-01-07T09:41:48 IST" duration-ms="55901">
    <groups>
    </groups>
    <test started-at="2021-01-07T09:40:52 IST" name="Default test" finished-at="2021-01-07T09:41:48 IST" duration-ms="55901">
      <class name="testng.Test3">
        <test-method signature="demo(java.lang.String, java.lang.String)[pri:0, instance:testng.Test3@37f1104d]" started-at="2021-01-07T09:40:52 IST" name="demo" data-provider="getdata" finished-at="2021-01-07T09:41:10 IST" duration-ms="18210" status="PASS">
          <params>
            <param index="0">
              <value>
                <![CDATA[qewereeytwtyhvfhtyus]]>
              </value>
            </param>
            <param index="1">
              <value>
                <![CDATA[ggyyggggfsffgfghs]]>
              </value>
            </param>
          </params>
          <reporter-output>
          </reporter-output>
        </test-method> <!-- demo -->
        <test-method signature="demo(java.lang.String, java.lang.String)[pri:0, instance:testng.Test3@37f1104d]" started-at="2021-01-07T09:41:10 IST" name="demo" data-provider="getdata" finished-at="2021-01-07T09:41:27 IST" duration-ms="16532" status="PASS">
          <params>
            <param index="0">
              <value>
                <![CDATA[786576576576756]]>
              </value>
            </param>
            <param index="1">
              <value>
                <![CDATA[67467657657657]]>
              </value>
            </param>
          </params>
          <reporter-output>
          </reporter-output>
        </test-method> <!-- demo -->
        <test-method signature="demo(java.lang.String, java.lang.String)[pri:0, instance:testng.Test3@37f1104d]" started-at="2021-01-07T09:41:27 IST" name="demo" data-provider="getdata" finished-at="2021-01-07T09:41:48 IST" duration-ms="21086" status="PASS">
          <params>
            <param index="0">
              <value>
                <![CDATA[778ghgdjh#%$%^$%^]]>
              </value>
            </param>
            <param index="1">
              <value>
                <![CDATA[gf57657%&^%&^]]>
              </value>
            </param>
          </params>
          <reporter-output>
          </reporter-output>
        </test-method> <!-- demo -->
      </class> <!-- testng.Test3 -->
    </test> <!-- Default test -->
  </suite> <!-- Default suite -->
</testng-results>
